15:56:52.381 [main] INFO  de.htwg.se.ShoShogi.aview.Tui - Captured: 
    0     1     2     3     4     5     6     7     8 
 
---------------------------------------------------------
 |     |     |     |     |     |     |     |     |     | 	a
---------------------------------------------------------
 |     |     |     |     |     |     |     |     |     | 	b
---------------------------------------------------------
 |     |     |     |     |     |     |     |     |     | 	c
---------------------------------------------------------
 |     |     |     |     |     |     |     |     |     | 	d
---------------------------------------------------------
 |     |     |     |     |     |     |     |     |     | 	e
---------------------------------------------------------
 |     |     |     |     |     |     |     |     |     | 	f
---------------------------------------------------------
 |     |     |     |     |     |     |     |     |     | 	g
---------------------------------------------------------
 |     |     |     |     |     |     |     |     |     | 	h
---------------------------------------------------------
 |     |     |     |     |     |     |     |     |     | 	i
---------------------------------------------------------
Captured: 

15:56:52.385 [main] INFO  de.htwg.se.ShoShogi.aview.Tui - q: quit
------
n: new
------

